<?xml version="1.0" encoding="UTF-8"?>
<!-- Generated by org.testng.reporters.JUnitReportReporter -->
<testsuite hostname="DESKTOP-F44MD9D" failures="0" tests="1" name="bongobd.com.Automation.main" time="30.807" errors="0" timestamp="2021-11-02T03:59:15 BDT" skipped="0">
  <testcase classname="bongobd.com.Automation.main" name="justClick" time="30.807"/>
  <system-out/>
</testsuite> <!-- bongobd.com.Automation.main -->
